This is METAFONT, Version 2.718281 (TeX Live 2013/Debian) (base=mf 2014.7.26)  9 SEP 2015 13:35
**ocr-pbi-canonique.mf
(ocr-pbi-canonique.mf (variable.mf) (ocr-pbi-canonique-set.mf)
(ocr-pbi-canonique-def.mf) (letters/cap/A.mf) (letters/cap/B.mf)
(letters/cap/C.mf) (letters/cap/D.mf) (letters/cap/E.mf) (letters/cap/F.mf)
(letters/cap/G.mf) (letters/cap/H.mf) (letters/cap/I.mf) (letters/cap/J.mf)
(letters/cap/K.mf) (letters/cap/L.mf) (letters/cap/M.mf) (letters/cap/N.mf)
(letters/cap/O.mf) (letters/cap/P.mf) (letters/cap/Q.mf) (letters/cap/R.mf)
(letters/cap/S.mf) (letters/cap/T.mf) (letters/cap/U.mf) (letters/cap/V.mf)
(letters/cap/W.mf) (letters/cap/X.mf) (letters/cap/Y.mf) (letters/cap/Z.mf)
(letters/bdc/a.mf) (letters/bdc/b.mf) (letters/bdc/c.mf) (letters/bdc/d.mf)
(letters/bdc/e.mf) (letters/bdc/f.mf) (letters/bdc/g.mf) (letters/bdc/h.mf)
(letters/bdc/i.mf) (letters/bdc/j.mf) (letters/bdc/k.mf) (letters/bdc/l.mf)
(letters/bdc/m.mf) (letters/bdc/n.mf) (letters/bdc/o.mf) (letters/bdc/p.mf)
(letters/bdc/q.mf) (letters/bdc/r.mf) (letters/bdc/s.mf) (letters/bdc/t.mf)
(letters/bdc/u.mf) (letters/bdc/v.mf) (letters/bdc/w.mf) (letters/bdc/x.mf)
(letters/bdc/y.mf) (letters/bdc/y.mf) (letters/bdc/z.mf) [0] [1] [2] [3]
[4] [5] [6] [7] [8] [9] [10] [11] [12] [13] [14] [15] [16] [17] [18] [19]
[20] [21] [22] [23] [24] [25] [26] [27] [28] [29] [30] [31] [32] [33] [34]
[35] [36] [37] [38] [39] [40] [41] [42] [43] [44] [45] [46] [47] [48] [49]
[50] [51] [52] [53] [54] [55] [56] [57] [58] [59] [60] [61] [62] [63] [64]
[65] [66] [67] [68] [69] [70] [71] [72] [73] [74] [75] [76] [77] [78] [79]
[80] [81] [82] [83] [84] [85] [86] [87] [88] [89] [90] [91] [92] [93] [94]
[95] [96] [97] [98] [99] [100] [101] [102] [103] [104] [105] [106] [107]
[108] [109] [110] [111] [112] [113] [114] [115] [116] [117] [118] [119]
[120] [121] [122] [123] [124] [125] [126] [127] [128] [129] [130] [131]
[132] [133] [134] [135] [136] [137]
unknown character referenced in makechar
unknown character referenced in makechar
unknown character referenced in makechar
unknown character referenced in makechar
unknown character referenced in makechar
unknown character referenced in makechar
unknown character referenced in makechar )
Output written on ocr-pbi-canonique.2602gf (138 characters, 196256 bytes).
